2011/10/04 08:54:00 [error] [exception.CHttpException.404] exception 'CHttpException' with message 'Unable to resolve the request "message".' in C:\wamp\www\Yii\web\CWebApplication.php:281
Stack trace:
#0 C:\wamp\www\Yii\web\CWebApplication.php(136): CWebApplication->runController('message')
#1 C:\wamp\www\Yii\base\CApplication.php(158): CWebApplication->processRequest()
#2 C:\wamp\www\demo\index.php(13): CApplication->run()
#3 {main} REQUEST_URI=/demo/index.php?r=message
2011/10/04 08:58:13 [error] [exception.CHttpException.404] exception 'CHttpException' with message 'The requested view "index" was not found.' in C:\wamp\www\Yii\web\actions\CViewAction.php:110
Stack trace:
#0 C:\wamp\www\Yii\web\actions\CViewAction.php(121): CViewAction->resolveView('index')
#1 C:\wamp\www\Yii\web\actions\CAction.php(72): CViewAction->run()
#2 C:\wamp\www\Yii\web\CController.php(300): CAction->runWithParams(Array)
#3 C:\wamp\www\Yii\web\CController.php(278): CController->runAction(Object(CViewAction))
#4 C:\wamp\www\Yii\web\CController.php(257): CController->runActionWithFilters(Object(CViewAction), Array)
#5 C:\wamp\www\Yii\web\CWebApplication.php(277): CController->run('page')
#6 C:\wamp\www\Yii\web\CWebApplication.php(136): CWebApplication->runController('site/page/about')
#7 C:\wamp\www\Yii\base\CApplication.php(158): CWebApplication->processRequest()
#8 C:\wamp\www\demo\index.php(13): CApplication->run()
#9 {main} REQUEST_URI=/demo/index.php/site/page/about
2011/10/04 09:00:53 [error] [exception.CException] exception 'CException' with message 'MessageController cannot find the requested view "index".' in C:\wamp\www\Yii\web\CController.php:875
Stack trace:
#0 C:\wamp\www\Yii\web\CController.php(779): CController->renderPartial('index', NULL, true)
#1 C:\wamp\www\demo\protected\controllers\MessageController.php(10): CController->render('index')
#2 C:\wamp\www\Yii\web\actions\CInlineAction.php(50): MessageController->actionIndex()
#3 C:\wamp\www\Yii\web\CController.php(300): CInlineAction->runWithParams(Array)
#4 C:\wamp\www\Yii\web\CController.php(278): CController->runAction(Object(CInlineAction))
#5 C:\wamp\www\Yii\web\CController.php(257): CController->runActionWithFilters(Object(CInlineAction), Array)
#6 C:\wamp\www\Yii\web\CWebApplication.php(277): CController->run('')
#7 C:\wamp\www\Yii\web\CWebApplication.php(136): CWebApplication->runController('message')
#8 C:\wamp\www\Yii\base\CApplication.php(158): CWebApplication->processRequest()
#9 C:\wamp\www\demo\index.php(13): CApplication->run()
#10 {main} REQUEST_URI=/demo/index.php/message
2011/10/04 09:01:28 [error] [exception.CHttpException.404] exception 'CHttpException' with message 'The system is unable to find the requested action "hello".' in C:\wamp\www\Yii\web\CController.php:477
Stack trace:
#0 C:\wamp\www\Yii\web\CController.php(262): CController->missingAction('hello')
#1 C:\wamp\www\Yii\web\CWebApplication.php(277): CController->run('hello')
#2 C:\wamp\www\Yii\web\CWebApplication.php(136): CWebApplication->runController('message/hello')
#3 C:\wamp\www\Yii\base\CApplication.php(158): CWebApplication->processRequest()
#4 C:\wamp\www\demo\index.php(13): CApplication->run()
#5 {main} REQUEST_URI=/demo/index.php/message/hello
2011/10/04 09:17:15 [error] [php] Undefined variable: theTime (C:\wamp\www\demo\protected\views\message\helloworld.php:6)
Stack trace:
#0 C:\wamp\www\Yii\web\CController.php(866): MessageController->renderFile()
#1 C:\wamp\www\Yii\web\CController.php(779): MessageController->renderPartial()
#2 C:\wamp\www\demo\protected\controllers\MessageController.php(7): MessageController->render()
#3 C:\wamp\www\Yii\web\actions\CInlineAction.php(50): MessageController->actionHelloWorld()
#4 C:\wamp\www\Yii\web\CController.php(300): CInlineAction->runWithParams()
#5 C:\wamp\www\Yii\web\CController.php(278): MessageController->runAction()
#6 C:\wamp\www\Yii\web\CController.php(257): MessageController->runActionWithFilters()
#7 C:\wamp\www\Yii\web\CWebApplication.php(277): MessageController->run()
#8 C:\wamp\www\Yii\web\CWebApplication.php(136): CWebApplication->runController()
#9 C:\wamp\www\Yii\base\CApplication.php(158): CWebApplication->processRequest()
#10 C:\wamp\www\demo\index.php(13): CWebApplication->run()
REQUEST_URI=/demo/index.php/message/helloWorld
in C:\wamp\www\demo\protected\views\message\helloworld.php (6)
in C:\wamp\www\demo\protected\controllers\MessageController.php (7)
in C:\wamp\www\demo\index.php (13)
2011/10/04 09:17:27 [error] [exception.CException] exception 'CException' with message 'Property "MessageController.theTime" is not defined.' in C:\wamp\www\Yii\base\CComponent.php:131
Stack trace:
#0 C:\wamp\www\demo\protected\views\message\helloworld.php(6): CComponent->__get('theTime')
#1 C:\wamp\www\Yii\web\CBaseController.php(119): require('C:\wamp\www\dem...')
#2 C:\wamp\www\Yii\web\CBaseController.php(88): CBaseController->renderInternal('C:\wamp\www\dem...', Array, true)
#3 C:\wamp\www\Yii\web\CController.php(866): CBaseController->renderFile('C:\wamp\www\dem...', Array, true)
#4 C:\wamp\www\Yii\web\CController.php(779): CController->renderPartial('helloWorld', Array, true)
#5 C:\wamp\www\demo\protected\controllers\MessageController.php(7): CController->render('helloWorld', Array)
#6 C:\wamp\www\Yii\web\actions\CInlineAction.php(50): MessageController->actionHelloWorld()
#7 C:\wamp\www\Yii\web\CController.php(300): CInlineAction->runWithParams(Array)
#8 C:\wamp\www\Yii\web\CController.php(278): CController->runAction(Object(CInlineAction))
#9 C:\wamp\www\Yii\web\CController.php(257): CController->runActionWithFilters(Object(CInlineAction), Array)
#10 C:\wamp\www\Yii\web\CWebApplication.php(277): CController->run('helloWorld')
#11 C:\wamp\www\Yii\web\CWebApplication.php(136): CWebApplication->runController('message/helloWo...')
#12 C:\wamp\www\Yii\base\CApplication.php(158): CWebApplication->processRequest()
#13 C:\wamp\www\demo\index.php(13): CApplication->run()
#14 {main} REQUEST_URI=/demo/index.php/message/helloWorld
2011/10/04 09:17:34 [error] [exception.CException] exception 'CException' with message 'Property "MessageController.theTime" is not defined.' in C:\wamp\www\Yii\base\CComponent.php:131
Stack trace:
#0 C:\wamp\www\demo\protected\views\message\helloworld.php(6): CComponent->__get('theTime')
#1 C:\wamp\www\Yii\web\CBaseController.php(119): require('C:\wamp\www\dem...')
#2 C:\wamp\www\Yii\web\CBaseController.php(88): CBaseController->renderInternal('C:\wamp\www\dem...', Array, true)
#3 C:\wamp\www\Yii\web\CController.php(866): CBaseController->renderFile('C:\wamp\www\dem...', Array, true)
#4 C:\wamp\www\Yii\web\CController.php(779): CController->renderPartial('helloWorld', Array, true)
#5 C:\wamp\www\demo\protected\controllers\MessageController.php(7): CController->render('helloWorld', Array)
#6 C:\wamp\www\Yii\web\actions\CInlineAction.php(50): MessageController->actionHelloWorld()
#7 C:\wamp\www\Yii\web\CController.php(300): CInlineAction->runWithParams(Array)
#8 C:\wamp\www\Yii\web\CController.php(278): CController->runAction(Object(CInlineAction))
#9 C:\wamp\www\Yii\web\CController.php(257): CController->runActionWithFilters(Object(CInlineAction), Array)
#10 C:\wamp\www\Yii\web\CWebApplication.php(277): CController->run('helloWorld')
#11 C:\wamp\www\Yii\web\CWebApplication.php(136): CWebApplication->runController('message/helloWo...')
#12 C:\wamp\www\Yii\base\CApplication.php(158): CWebApplication->processRequest()
#13 C:\wamp\www\demo\index.php(13): CApplication->run()
#14 {main} REQUEST_URI=/demo/index.php/message/helloWorld
2011/10/04 09:18:06 [error] [exception.CException] exception 'CException' with message 'Property "MessageController.theTime" is not defined.' in C:\wamp\www\Yii\base\CComponent.php:131
Stack trace:
#0 C:\wamp\www\demo\protected\views\message\helloworld.php(6): CComponent->__get('theTime')
#1 C:\wamp\www\Yii\web\CBaseController.php(119): require('C:\wamp\www\dem...')
#2 C:\wamp\www\Yii\web\CBaseController.php(88): CBaseController->renderInternal('C:\wamp\www\dem...', Array, true)
#3 C:\wamp\www\Yii\web\CController.php(866): CBaseController->renderFile('C:\wamp\www\dem...', Array, true)
#4 C:\wamp\www\Yii\web\CController.php(779): CController->renderPartial('helloWorld', Array, true)
#5 C:\wamp\www\demo\protected\controllers\MessageController.php(8): CController->render('helloWorld', Array)
#6 C:\wamp\www\Yii\web\actions\CInlineAction.php(50): MessageController->actionHelloWorld()
#7 C:\wamp\www\Yii\web\CController.php(300): CInlineAction->runWithParams(Array)
#8 C:\wamp\www\Yii\web\CController.php(278): CController->runAction(Object(CInlineAction))
#9 C:\wamp\www\Yii\web\CController.php(257): CController->runActionWithFilters(Object(CInlineAction), Array)
#10 C:\wamp\www\Yii\web\CWebApplication.php(277): CController->run('helloWorld')
#11 C:\wamp\www\Yii\web\CWebApplication.php(136): CWebApplication->runController('message/helloWo...')
#12 C:\wamp\www\Yii\base\CApplication.php(158): CWebApplication->processRequest()
#13 C:\wamp\www\demo\index.php(13): CApplication->run()
#14 {main} REQUEST_URI=/demo/index.php/message/helloWorld
2011/10/04 09:18:08 [error] [exception.CException] exception 'CException' with message 'Property "MessageController.theTime" is not defined.' in C:\wamp\www\Yii\base\CComponent.php:131
Stack trace:
#0 C:\wamp\www\demo\protected\views\message\helloworld.php(6): CComponent->__get('theTime')
#1 C:\wamp\www\Yii\web\CBaseController.php(119): require('C:\wamp\www\dem...')
#2 C:\wamp\www\Yii\web\CBaseController.php(88): CBaseController->renderInternal('C:\wamp\www\dem...', Array, true)
#3 C:\wamp\www\Yii\web\CController.php(866): CBaseController->renderFile('C:\wamp\www\dem...', Array, true)
#4 C:\wamp\www\Yii\web\CController.php(779): CController->renderPartial('helloWorld', Array, true)
#5 C:\wamp\www\demo\protected\controllers\MessageController.php(8): CController->render('helloWorld', Array)
#6 C:\wamp\www\Yii\web\actions\CInlineAction.php(50): MessageController->actionHelloWorld()
#7 C:\wamp\www\Yii\web\CController.php(300): CInlineAction->runWithParams(Array)
#8 C:\wamp\www\Yii\web\CController.php(278): CController->runAction(Object(CInlineAction))
#9 C:\wamp\www\Yii\web\CController.php(257): CController->runActionWithFilters(Object(CInlineAction), Array)
#10 C:\wamp\www\Yii\web\CWebApplication.php(277): CController->run('helloWorld')
#11 C:\wamp\www\Yii\web\CWebApplication.php(136): CWebApplication->runController('message/helloWo...')
#12 C:\wamp\www\Yii\base\CApplication.php(158): CWebApplication->processRequest()
#13 C:\wamp\www\demo\index.php(13): CApplication->run()
#14 {main} REQUEST_URI=/demo/index.php/message/helloWorld
2011/10/04 09:18:25 [error] [php] Undefined variable: theTime (C:\wamp\www\demo\protected\controllers\MessageController.php:8)
Stack trace:
#0 C:\wamp\www\Yii\web\CController.php(278): MessageController->runAction()
#1 C:\wamp\www\Yii\web\CController.php(257): MessageController->runActionWithFilters()
#2 C:\wamp\www\Yii\web\CWebApplication.php(277): MessageController->run()
#3 C:\wamp\www\Yii\web\CWebApplication.php(136): CWebApplication->runController()
#4 C:\wamp\www\Yii\base\CApplication.php(158): CWebApplication->processRequest()
#5 C:\wamp\www\demo\index.php(13): CWebApplication->run()
REQUEST_URI=/demo/index.php/message/helloWorld
in C:\wamp\www\demo\protected\controllers\MessageController.php (8)
in C:\wamp\www\demo\index.php (13)
2011/10/04 09:18:28 [error] [php] Undefined variable: theTime (C:\wamp\www\demo\protected\controllers\MessageController.php:8)
Stack trace:
#0 C:\wamp\www\Yii\web\CController.php(278): MessageController->runAction()
#1 C:\wamp\www\Yii\web\CController.php(257): MessageController->runActionWithFilters()
#2 C:\wamp\www\Yii\web\CWebApplication.php(277): MessageController->run()
#3 C:\wamp\www\Yii\web\CWebApplication.php(136): CWebApplication->runController()
#4 C:\wamp\www\Yii\base\CApplication.php(158): CWebApplication->processRequest()
#5 C:\wamp\www\demo\index.php(13): CWebApplication->run()
REQUEST_URI=/demo/index.php/message/helloWorld
in C:\wamp\www\demo\protected\controllers\MessageController.php (8)
in C:\wamp\www\demo\index.php (13)
2011/10/04 09:19:45 [error] [php] Undefined variable: theTime (C:\wamp\www\demo\protected\controllers\MessageController.php:8)
Stack trace:
#0 C:\wamp\www\Yii\web\CController.php(278): MessageController->runAction()
#1 C:\wamp\www\Yii\web\CController.php(257): MessageController->runActionWithFilters()
#2 C:\wamp\www\Yii\web\CWebApplication.php(277): MessageController->run()
#3 C:\wamp\www\Yii\web\CWebApplication.php(136): CWebApplication->runController()
#4 C:\wamp\www\Yii\base\CApplication.php(158): CWebApplication->processRequest()
#5 C:\wamp\www\demo\index.php(13): CWebApplication->run()
REQUEST_URI=/demo/index.php/message/helloWorld
in C:\wamp\www\demo\protected\controllers\MessageController.php (8)
in C:\wamp\www\demo\index.php (13)
2011/10/04 09:19:46 [error] [php] Undefined variable: theTime (C:\wamp\www\demo\protected\controllers\MessageController.php:8)
Stack trace:
#0 C:\wamp\www\Yii\web\CController.php(278): MessageController->runAction()
#1 C:\wamp\www\Yii\web\CController.php(257): MessageController->runActionWithFilters()
#2 C:\wamp\www\Yii\web\CWebApplication.php(277): MessageController->run()
#3 C:\wamp\www\Yii\web\CWebApplication.php(136): CWebApplication->runController()
#4 C:\wamp\www\Yii\base\CApplication.php(158): CWebApplication->processRequest()
#5 C:\wamp\www\demo\index.php(13): CWebApplication->run()
REQUEST_URI=/demo/index.php/message/helloWorld
in C:\wamp\www\demo\protected\controllers\MessageController.php (8)
in C:\wamp\www\demo\index.php (13)
2011/10/04 09:20:28 [error] [exception.CException] exception 'CException' with message 'Property "MessageController.theTime" is not defined.' in C:\wamp\www\Yii\base\CComponent.php:131
Stack trace:
#0 C:\wamp\www\demo\protected\views\message\helloworld.php(6): CComponent->__get('theTime')
#1 C:\wamp\www\Yii\web\CBaseController.php(119): require('C:\wamp\www\dem...')
#2 C:\wamp\www\Yii\web\CBaseController.php(88): CBaseController->renderInternal('C:\wamp\www\dem...', NULL, true)
#3 C:\wamp\www\Yii\web\CController.php(866): CBaseController->renderFile('C:\wamp\www\dem...', NULL, true)
#4 C:\wamp\www\Yii\web\CController.php(779): CController->renderPartial('helloWorld', NULL, true)
#5 C:\wamp\www\demo\protected\controllers\MessageController.php(8): CController->render('helloWorld')
#6 C:\wamp\www\Yii\web\actions\CInlineAction.php(50): MessageController->actionHelloWorld()
#7 C:\wamp\www\Yii\web\CController.php(300): CInlineAction->runWithParams(Array)
#8 C:\wamp\www\Yii\web\CController.php(278): CController->runAction(Object(CInlineAction))
#9 C:\wamp\www\Yii\web\CController.php(257): CController->runActionWithFilters(Object(CInlineAction), Array)
#10 C:\wamp\www\Yii\web\CWebApplication.php(277): CController->run('helloWorld')
#11 C:\wamp\www\Yii\web\CWebApplication.php(136): CWebApplication->runController('message/helloWo...')
#12 C:\wamp\www\Yii\base\CApplication.php(158): CWebApplication->processRequest()
#13 C:\wamp\www\demo\index.php(13): CApplication->run()
#14 {main} REQUEST_URI=/demo/index.php/message/helloWorld
2011/10/04 09:25:56 [error] [exception.CException] exception 'CException' with message 'Property "MessageController.theTime" is not defined.' in C:\wamp\www\Yii\base\CComponent.php:131
Stack trace:
#0 C:\wamp\www\demo\protected\views\message\goodbye.php(6): CComponent->__get('theTime')
#1 C:\wamp\www\Yii\web\CBaseController.php(119): require('C:\wamp\www\dem...')
#2 C:\wamp\www\Yii\web\CBaseController.php(88): CBaseController->renderInternal('C:\wamp\www\dem...', NULL, true)
#3 C:\wamp\www\Yii\web\CController.php(866): CBaseController->renderFile('C:\wamp\www\dem...', NULL, true)
#4 C:\wamp\www\Yii\web\CController.php(779): CController->renderPartial('goodbye', NULL, true)
#5 C:\wamp\www\demo\protected\controllers\MessageController.php(20): CController->render('goodbye')
#6 C:\wamp\www\Yii\web\actions\CInlineAction.php(50): MessageController->actionGoodBye()
#7 C:\wamp\www\Yii\web\CController.php(300): CInlineAction->runWithParams(Array)
#8 C:\wamp\www\Yii\web\CController.php(278): CController->runAction(Object(CInlineAction))
#9 C:\wamp\www\Yii\web\CController.php(257): CController->runActionWithFilters(Object(CInlineAction), Array)
#10 C:\wamp\www\Yii\web\CWebApplication.php(277): CController->run('goodbye')
#11 C:\wamp\www\Yii\web\CWebApplication.php(136): CWebApplication->runController('message/goodbye')
#12 C:\wamp\www\Yii\base\CApplication.php(158): CWebApplication->processRequest()
#13 C:\wamp\www\demo\index.php(13): CApplication->run()
#14 {main} REQUEST_URI=/demo/index.php/message/goodbye
2011/10/04 09:27:36 [error] [exception.CException] exception 'CException' with message 'MessageController cannot find the requested view "goodbye".' in C:\wamp\www\Yii\web\CController.php:875
Stack trace:
#0 C:\wamp\www\Yii\web\CController.php(779): CController->renderPartial('goodbye', NULL, true)
#1 C:\wamp\www\demo\protected\controllers\MessageController.php(25): CController->render('goodbye')
#2 C:\wamp\www\Yii\web\actions\CInlineAction.php(50): MessageController->actionGoodBye()
#3 C:\wamp\www\Yii\web\CController.php(300): CInlineAction->runWithParams(Array)
#4 C:\wamp\www\Yii\web\CController.php(278): CController->runAction(Object(CInlineAction))
#5 C:\wamp\www\Yii\web\CController.php(257): CController->runActionWithFilters(Object(CInlineAction), Array)
#6 C:\wamp\www\Yii\web\CWebApplication.php(277): CController->run('goodbye')
#7 C:\wamp\www\Yii\web\CWebApplication.php(136): CWebApplication->runController('message/goodbye')
#8 C:\wamp\www\Yii\base\CApplication.php(158): CWebApplication->processRequest()
#9 C:\wamp\www\demo\index.php(13): CApplication->run()
#10 {main} REQUEST_URI=/demo/index.php/message/goodbye
2011/10/04 09:28:21 [error] [exception.CException] exception 'CException' with message 'MessageController cannot find the requested view "goodbye".' in C:\wamp\www\Yii\web\CController.php:875
Stack trace:
#0 C:\wamp\www\Yii\web\CController.php(779): CController->renderPartial('goodbye', NULL, true)
#1 C:\wamp\www\demo\protected\controllers\MessageController.php(25): CController->render('goodbye')
#2 C:\wamp\www\Yii\web\actions\CInlineAction.php(50): MessageController->actionGoodBye()
#3 C:\wamp\www\Yii\web\CController.php(300): CInlineAction->runWithParams(Array)
#4 C:\wamp\www\Yii\web\CController.php(278): CController->runAction(Object(CInlineAction))
#5 C:\wamp\www\Yii\web\CController.php(257): CController->runActionWithFilters(Object(CInlineAction), Array)
#6 C:\wamp\www\Yii\web\CWebApplication.php(277): CController->run('goodbye')
#7 C:\wamp\www\Yii\web\CWebApplication.php(136): CWebApplication->runController('message/goodbye')
#8 C:\wamp\www\Yii\base\CApplication.php(158): CWebApplication->processRequest()
#9 C:\wamp\www\demo\index.php(13): CApplication->run()
#10 {main} REQUEST_URI=/demo/index.php/message/goodbye
2011/10/04 09:28:50 [error] [exception.CException] exception 'CException' with message 'MessageController cannot find the requested view "index".' in C:\wamp\www\Yii\web\CController.php:875
Stack trace:
#0 C:\wamp\www\Yii\web\CController.php(779): CController->renderPartial('index', NULL, true)
#1 C:\wamp\www\demo\protected\controllers\MessageController.php(20): CController->render('index')
#2 C:\wamp\www\Yii\web\actions\CInlineAction.php(50): MessageController->actionIndex()
#3 C:\wamp\www\Yii\web\CController.php(300): CInlineAction->runWithParams(Array)
#4 C:\wamp\www\Yii\web\CController.php(278): CController->runAction(Object(CInlineAction))
#5 C:\wamp\www\Yii\web\CController.php(257): CController->runActionWithFilters(Object(CInlineAction), Array)
#6 C:\wamp\www\Yii\web\CWebApplication.php(277): CController->run('')
#7 C:\wamp\www\Yii\web\CWebApplication.php(136): CWebApplication->runController('message')
#8 C:\wamp\www\Yii\base\CApplication.php(158): CWebApplication->processRequest()
#9 C:\wamp\www\demo\index.php(13): CApplication->run()
#10 {main} REQUEST_URI=/demo/index.php/message
2011/10/04 09:29:25 [error] [php] Missing argument 1 for CController::__construct(), called in C:\wamp\www\demo\protected\controllers\MessageController.php on line 10 and defined (C:\wamp\www\Yii\web\CController.php:100)
Stack trace:
#0 C:\wamp\www\Yii\web\CWebApplication.php(271): CWebApplication->createController()
#1 C:\wamp\www\Yii\web\CWebApplication.php(136): CWebApplication->runController()
#2 C:\wamp\www\Yii\base\CApplication.php(158): CWebApplication->processRequest()
#3 C:\wamp\www\demo\index.php(13): CWebApplication->run()
REQUEST_URI=/demo/index.php/message
in C:\wamp\www\demo\protected\controllers\MessageController.php (10)
in C:\wamp\www\demo\index.php (13)
